Traceback (most recent call last):
  File "C:\Users\mhamm\AppData\Local\Packages\PythonSoftwareFoundation.Python.3.12_qbz5n2kfra8p0\LocalCache\local-packages\Python312\site-packages\jupyter_cache\executors\utils.py", line 58, in single_nb_execution
    executenb(
  File "C:\Users\mhamm\AppData\Local\Packages\PythonSoftwareFoundation.Python.3.12_qbz5n2kfra8p0\LocalCache\local-packages\Python312\site-packages\nbclient\client.py", line 1323, in execute
    return NotebookClient(nb=nb, resources=resources, km=km, **kwargs).execute()
           ^^^^^^^^^^^^^^^^^^^^^^^^^^^^^^^^^^^^^^^^^^^^^^^^^^^^^^^^^^^^^^^^^^^^^
  File "C:\Users\mhamm\AppData\Local\Packages\PythonSoftwareFoundation.Python.3.12_qbz5n2kfra8p0\LocalCache\local-packages\Python312\site-packages\jupyter_core\utils\__init__.py", line 165, in wrapped
    return loop.run_until_complete(inner)
           ^^^^^^^^^^^^^^^^^^^^^^^^^^^^^^
  File "C:\Program Files\WindowsApps\PythonSoftwareFoundation.Python.3.12_3.12.2800.0_x64__qbz5n2kfra8p0\Lib\asyncio\base_events.py", line 691, in run_until_complete
    return future.result()
           ^^^^^^^^^^^^^^^
  File "C:\Users\mhamm\AppData\Local\Packages\PythonSoftwareFoundation.Python.3.12_qbz5n2kfra8p0\LocalCache\local-packages\Python312\site-packages\nbclient\client.py", line 709, in async_execute
    await self.async_execute_cell(
  File "C:\Users\mhamm\AppData\Local\Packages\PythonSoftwareFoundation.Python.3.12_qbz5n2kfra8p0\LocalCache\local-packages\Python312\site-packages\nbclient\client.py", line 1062, in async_execute_cell
    await self._check_raise_for_error(cell, cell_index, exec_reply)
  File "C:\Users\mhamm\AppData\Local\Packages\PythonSoftwareFoundation.Python.3.12_qbz5n2kfra8p0\LocalCache\local-packages\Python312\site-packages\nbclient\client.py", line 918, in _check_raise_for_error
    raise CellExecutionError.from_cell_and_msg(cell, exec_reply_content)
nbclient.exceptions.CellExecutionError: An error occurred while executing the following cell:
------------------
from pyomo.environ import *

# Create the ConcreteModel
model = ConcreteModel()

# Define decision variables
model.x1 = Var(domain=NonNegativeReals)  # Number of student jobs
model.x2 = Var(domain=NonNegativeReals)  # Number of faculty jobs

# Define objective function (maximize revenue)
model.obj = Objective(expr=3 * model.x1 + model.x2, sense=maximize)

# Define constraints
model.disk_space = Constraint(expr=6 * model.x1 + 8 * model.x2 <= 48)
model.printer_time = Constraint(expr=3 * model.x1 + 2 * model.x2 <= 60)

# Create a solver and solve the model
solver = SolverFactory('cbc')
results = solver.solve(model, tee=False)

# Output only the key results
print("\nOptimal Solution:")
print(f"Objective value (Maximized Revenue): {model.obj()}")
print(f"Number of student jobs (x₁): {model.x1()}")
print(f"Number of faculty jobs (x₂): {model.x2()}")

# Check if the constraints are satisfied
print("\nConstraints Check:")
print(f"Disk space constraint: 6({model.x1()}) + 8({model.x2()}) = {6*model.x1() + 8*model.x2()} (satisfied)")
print(f"Printer time constraint: 3({model.x1()}) + 2({model.x2()}) = {3*model.x1() + 2*model.x2()} (satisfied)")

------------------

----- stdout -----
WARNING: Could not locate the 'cbc' executable, which is required for solver
cbc
------------------

[31m---------------------------------------------------------------------------[39m
[31mApplicationError[39m                          Traceback (most recent call last)
[36mCell[39m[36m [39m[32mIn[1][39m[32m, line 19[39m
[32m     17[39m [38;5;66;03m# Create a solver and solve the model[39;00m
[32m     18[39m solver = SolverFactory([33m'[39m[33mcbc[39m[33m'[39m)
[32m---> [39m[32m19[39m results = [43msolver[49m[43m.[49m[43msolve[49m[43m([49m[43mmodel[49m[43m,[49m[43m [49m[43mtee[49m[43m=[49m[38;5;28;43;01mFalse[39;49;00m[43m)[49m
[32m     21[39m [38;5;66;03m# Output only the key results[39;00m
[32m     22[39m [38;5;28mprint[39m([33m"[39m[38;5;130;01m\n[39;00m[33mOptimal Solution:[39m[33m"[39m)

[36mFile [39m[32m~\AppData\Local\Packages\PythonSoftwareFoundation.Python.3.12_qbz5n2kfra8p0\LocalCache\local-packages\Python312\site-packages\pyomo\opt\base\solvers.py:563[39m, in [36mOptSolver.solve[39m[34m(self, *args, **kwds)[39m
[32m    560[39m [38;5;28;01mdef[39;00m[38;5;250m [39m[34msolve[39m([38;5;28mself[39m, *args, **kwds):
[32m    561[39m [38;5;250m    [39m[33;03m"""Solve the problem"""[39;00m
[32m--> [39m[32m563[39m     [38;5;28;43mself[39;49m[43m.[49m[43mavailable[49m[43m([49m[43mexception_flag[49m[43m=[49m[38;5;28;43;01mTrue[39;49;00m[43m)[49m
[32m    564[39m     [38;5;66;03m#[39;00m
[32m    565[39m     [38;5;66;03m# If the inputs are models, then validate that they have been[39;00m
[32m    566[39m     [38;5;66;03m# constructed! Collect suffix names to try and import from solution.[39;00m
[32m    567[39m     [38;5;66;03m#[39;00m
[32m    568[39m     [38;5;28;01mfrom[39;00m[38;5;250m [39m[34;01mpyomo[39;00m[34;01m.[39;00m[34;01mcore[39;00m[34;01m.[39;00m[34;01mbase[39;00m[34;01m.[39;00m[34;01mblock[39;00m[38;5;250m [39m[38;5;28;01mimport[39;00m BlockData

[36mFile [39m[32m~\AppData\Local\Packages\PythonSoftwareFoundation.Python.3.12_qbz5n2kfra8p0\LocalCache\local-packages\Python312\site-packages\pyomo\opt\solver\shellcmd.py:138[39m, in [36mSystemCallSolver.available[39m[34m(self, exception_flag)[39m
[32m    136[39m     [38;5;28;01mif[39;00m exception_flag:
[32m    137[39m         msg = [33m"[39m[33mNo executable found for solver [39m[33m'[39m[38;5;132;01m%s[39;00m[33m'[39m[33m"[39m
[32m--> [39m[32m138[39m         [38;5;28;01mraise[39;00m ApplicationError(msg % [38;5;28mself[39m.name)
[32m    139[39m     [38;5;28;01mreturn[39;00m [38;5;28;01mFalse[39;00m
[32m    140[39m [38;5;28;01mreturn[39;00m [38;5;28;01mTrue[39;00m

[31mApplicationError[39m: No executable found for solver 'cbc'

