Traceback (most recent call last):
  File "C:\Users\mhamm\AppData\Local\Packages\PythonSoftwareFoundation.Python.3.12_qbz5n2kfra8p0\LocalCache\local-packages\Python312\site-packages\jupyter_cache\executors\utils.py", line 58, in single_nb_execution
    executenb(
  File "C:\Users\mhamm\AppData\Local\Packages\PythonSoftwareFoundation.Python.3.12_qbz5n2kfra8p0\LocalCache\local-packages\Python312\site-packages\nbclient\client.py", line 1323, in execute
    return NotebookClient(nb=nb, resources=resources, km=km, **kwargs).execute()
           ^^^^^^^^^^^^^^^^^^^^^^^^^^^^^^^^^^^^^^^^^^^^^^^^^^^^^^^^^^^^^^^^^^^^^
  File "C:\Users\mhamm\AppData\Local\Packages\PythonSoftwareFoundation.Python.3.12_qbz5n2kfra8p0\LocalCache\local-packages\Python312\site-packages\jupyter_core\utils\__init__.py", line 165, in wrapped
    return loop.run_until_complete(inner)
           ^^^^^^^^^^^^^^^^^^^^^^^^^^^^^^
  File "C:\Program Files\WindowsApps\PythonSoftwareFoundation.Python.3.12_3.12.2800.0_x64__qbz5n2kfra8p0\Lib\asyncio\base_events.py", line 691, in run_until_complete
    return future.result()
           ^^^^^^^^^^^^^^^
  File "C:\Users\mhamm\AppData\Local\Packages\PythonSoftwareFoundation.Python.3.12_qbz5n2kfra8p0\LocalCache\local-packages\Python312\site-packages\nbclient\client.py", line 709, in async_execute
    await self.async_execute_cell(
  File "C:\Users\mhamm\AppData\Local\Packages\PythonSoftwareFoundation.Python.3.12_qbz5n2kfra8p0\LocalCache\local-packages\Python312\site-packages\nbclient\client.py", line 1062, in async_execute_cell
    await self._check_raise_for_error(cell, cell_index, exec_reply)
  File "C:\Users\mhamm\AppData\Local\Packages\PythonSoftwareFoundation.Python.3.12_qbz5n2kfra8p0\LocalCache\local-packages\Python312\site-packages\nbclient\client.py", line 918, in _check_raise_for_error
    raise CellExecutionError.from_cell_and_msg(cell, exec_reply_content)
nbclient.exceptions.CellExecutionError: An error occurred while executing the following cell:
------------------
from pyomo.environ import *

# Textbook initial columns — Section 4.8
# Each row = one customer (1-6), each col = one route
# A[i][j] = 1 if customer i is in route j
A_init = [
    #  x1 x2 x3 x4 x5 x6
    [  1, 0, 1, 0, 0, 0],  # customer 1
    [  1, 0, 0, 1, 0, 0],  # customer 2
    [  0, 1, 0, 1, 0, 0],  # customer 3
    [  0, 1, 0, 0, 1, 0],  # customer 4
    [  0, 0, 1, 0, 0, 1],  # customer 5
    [  0, 0, 0, 0, 1, 1],  # customer 6
]
cost_init = [10, 8, 10, 10, 10, 10]   # textbook costs

# Textbook additional columns (added during column generation iterations)
# x7: customers {4,5}, cost=8  (textbook: D→4→5→D)
# x8: customers {1,3}, cost=8  (textbook: D→1→3→D)
# x9: customers {1,2,3}, cost=10
# x10: customers {4,5,6}, cost=10
A_all = [
    [1, 0, 1, 0, 0, 0, 0, 1, 1, 0],  # customer 1
    [1, 0, 0, 1, 0, 0, 0, 0, 1, 0],  # customer 2
    [0, 1, 0, 1, 0, 0, 0, 1, 1, 0],  # customer 3
    [0, 1, 0, 0, 1, 0, 1, 0, 0, 1],  # customer 4
    [0, 0, 1, 0, 0, 1, 1, 0, 0, 1],  # customer 5
    [0, 0, 0, 0, 1, 1, 0, 0, 0, 1],  # customer 6
]
cost_all = [10, 8, 10, 10, 10, 10, 8, 8, 10, 10]

def solve_set_partition_lp(A, costs, label):
    n_routes = len(costs)
    m = ConcreteModel()
    m.J = RangeSet(1, n_routes)
    m.x = Var(m.J, bounds=(0, None))
    m.obj = Objective(expr=sum(costs[j-1]*m.x[j] for j in m.J), sense=minimize)
    def cover(m, i):
        return sum(A[i-1][j-1]*m.x[j] for j in m.J) >= 1
    m.cover = Constraint(RangeSet(1, 6), rule=cover)
    SolverFactory('cbc').solve(m)
    x_vals = [m.x[j].value for j in m.J]
    nonzero = {j+1: round(v, 3) for j, v in enumerate(x_vals) if v and v > 1e-6}
    print(f'  {label}: z = {m.obj():.1f},  routes used: {nonzero}')
    return m.obj(), x_vals

print('=== 4.8 Column Generation — Vehicle Routing ===')
print('\nInitial LP (6 textbook routes):')
solve_set_partition_lp(A_init, cost_init, 'Initial')

print('\nAfter adding columns x7 {4,5} and x8 {1,3} (textbook iterations):')
solve_set_partition_lp(
    [r[:8] for r in A_all], cost_all[:8], 'With x7, x8'
)

print('\nFinal — all textbook columns including x9 {1,2,3} and x10 {4,5,6}:')
solve_set_partition_lp(A_all, cost_all, 'Final LP')

# Integer solution with final columns
n_routes = len(cost_all)
m_ip = ConcreteModel()
m_ip.J = RangeSet(1, n_routes)
m_ip.x = Var(m_ip.J, within=NonNegativeIntegers)
m_ip.obj = Objective(expr=sum(cost_all[j-1]*m_ip.x[j] for j in m_ip.J), sense=minimize)
def cover_ip(m_ip, i):
    return sum(A_all[i-1][j-1]*m_ip.x[j] for j in m_ip.J) >= 1
m_ip.cover = Constraint(RangeSet(1, 6), rule=cover_ip)
SolverFactory('cbc').solve(m_ip)
routes_used = [j for j in m_ip.J if m_ip.x[j].value > 0.5]
route_names = ['x1{1,2}','x2{3,4}','x3{1,5}','x4{2,3}','x5{4,6}','x6{5,6}',
               'x7{4,5}','x8{1,3}','x9{1,2,3}','x10{4,5,6}']
print(f'\nInteger solution: z = {int(round(m_ip.obj()))}')
print(f'Routes: {[route_names[j-1] for j in routes_used]}')
print('Textbook answer: routes {1,2,3} and {4,5,6}, cost = 20')
------------------

----- stdout -----
=== 4.8 Column Generation — Vehicle Routing ===

Initial LP (6 textbook routes):
WARNING: Could not locate the 'cbc' executable, which is required for solver
cbc
------------------

[31m---------------------------------------------------------------------------[39m
[31mApplicationError[39m                          Traceback (most recent call last)
[36mCell[39m[36m [39m[32mIn[3][39m[32m, line 49[39m
[32m     47[39m [38;5;28mprint[39m([33m'[39m[33m=== 4.8 Column Generation — Vehicle Routing ===[39m[33m'[39m)
[32m     48[39m [38;5;28mprint[39m([33m'[39m[38;5;130;01m\n[39;00m[33mInitial LP (6 textbook routes):[39m[33m'[39m)
[32m---> [39m[32m49[39m [43msolve_set_partition_lp[49m[43m([49m[43mA_init[49m[43m,[49m[43m [49m[43mcost_init[49m[43m,[49m[43m [49m[33;43m'[39;49m[33;43mInitial[39;49m[33;43m'[39;49m[43m)[49m
[32m     51[39m [38;5;28mprint[39m([33m'[39m[38;5;130;01m\n[39;00m[33mAfter adding columns x7 [39m[33m{[39m[33m4,5} and x8 [39m[33m{[39m[33m1,3} (textbook iterations):[39m[33m'[39m)
[32m     52[39m solve_set_partition_lp(
[32m     53[39m     [r[:[32m8[39m] [38;5;28;01mfor[39;00m r [38;5;129;01min[39;00m A_all], cost_all[:[32m8[39m], [33m'[39m[33mWith x7, x8[39m[33m'[39m
[32m     54[39m )

[36mCell[39m[36m [39m[32mIn[3][39m[32m, line 41[39m, in [36msolve_set_partition_lp[39m[34m(A, costs, label)[39m
[32m     39[39m     [38;5;28;01mreturn[39;00m [38;5;28msum[39m(A[i-[32m1[39m][j-[32m1[39m]*m.x[j] [38;5;28;01mfor[39;00m j [38;5;129;01min[39;00m m.J) >= [32m1[39m
[32m     40[39m m.cover = Constraint(RangeSet([32m1[39m, [32m6[39m), rule=cover)
[32m---> [39m[32m41[39m [43mSolverFactory[49m[43m([49m[33;43m'[39;49m[33;43mcbc[39;49m[33;43m'[39;49m[43m)[49m[43m.[49m[43msolve[49m[43m([49m[43mm[49m[43m)[49m
[32m     42[39m x_vals = [m.x[j].value [38;5;28;01mfor[39;00m j [38;5;129;01min[39;00m m.J]
[32m     43[39m nonzero = {j+[32m1[39m: [38;5;28mround[39m(v, [32m3[39m) [38;5;28;01mfor[39;00m j, v [38;5;129;01min[39;00m [38;5;28menumerate[39m(x_vals) [38;5;28;01mif[39;00m v [38;5;129;01mand[39;00m v > [32m1e-6[39m}

[36mFile [39m[32m~\AppData\Local\Packages\PythonSoftwareFoundation.Python.3.12_qbz5n2kfra8p0\LocalCache\local-packages\Python312\site-packages\pyomo\opt\base\solvers.py:563[39m, in [36mOptSolver.solve[39m[34m(self, *args, **kwds)[39m
[32m    560[39m [38;5;28;01mdef[39;00m[38;5;250m [39m[34msolve[39m([38;5;28mself[39m, *args, **kwds):
[32m    561[39m [38;5;250m    [39m[33;03m"""Solve the problem"""[39;00m
[32m--> [39m[32m563[39m     [38;5;28;43mself[39;49m[43m.[49m[43mavailable[49m[43m([49m[43mexception_flag[49m[43m=[49m[38;5;28;43;01mTrue[39;49;00m[43m)[49m
[32m    564[39m     [38;5;66;03m#[39;00m
[32m    565[39m     [38;5;66;03m# If the inputs are models, then validate that they have been[39;00m
[32m    566[39m     [38;5;66;03m# constructed! Collect suffix names to try and import from solution.[39;00m
[32m    567[39m     [38;5;66;03m#[39;00m
[32m    568[39m     [38;5;28;01mfrom[39;00m[38;5;250m [39m[34;01mpyomo[39;00m[34;01m.[39;00m[34;01mcore[39;00m[34;01m.[39;00m[34;01mbase[39;00m[34;01m.[39;00m[34;01mblock[39;00m[38;5;250m [39m[38;5;28;01mimport[39;00m BlockData

[36mFile [39m[32m~\AppData\Local\Packages\PythonSoftwareFoundation.Python.3.12_qbz5n2kfra8p0\LocalCache\local-packages\Python312\site-packages\pyomo\opt\solver\shellcmd.py:138[39m, in [36mSystemCallSolver.available[39m[34m(self, exception_flag)[39m
[32m    136[39m     [38;5;28;01mif[39;00m exception_flag:
[32m    137[39m         msg = [33m"[39m[33mNo executable found for solver [39m[33m'[39m[38;5;132;01m%s[39;00m[33m'[39m[33m"[39m
[32m--> [39m[32m138[39m         [38;5;28;01mraise[39;00m ApplicationError(msg % [38;5;28mself[39m.name)
[32m    139[39m     [38;5;28;01mreturn[39;00m [38;5;28;01mFalse[39;00m
[32m    140[39m [38;5;28;01mreturn[39;00m [38;5;28;01mTrue[39;00m

[31mApplicationError[39m: No executable found for solver 'cbc'

