Traceback (most recent call last):
  File "C:\Users\mhamm\AppData\Local\Packages\PythonSoftwareFoundation.Python.3.12_qbz5n2kfra8p0\LocalCache\local-packages\Python312\site-packages\jupyter_cache\executors\utils.py", line 58, in single_nb_execution
    executenb(
  File "C:\Users\mhamm\AppData\Local\Packages\PythonSoftwareFoundation.Python.3.12_qbz5n2kfra8p0\LocalCache\local-packages\Python312\site-packages\nbclient\client.py", line 1323, in execute
    return NotebookClient(nb=nb, resources=resources, km=km, **kwargs).execute()
           ^^^^^^^^^^^^^^^^^^^^^^^^^^^^^^^^^^^^^^^^^^^^^^^^^^^^^^^^^^^^^^^^^^^^^
  File "C:\Users\mhamm\AppData\Local\Packages\PythonSoftwareFoundation.Python.3.12_qbz5n2kfra8p0\LocalCache\local-packages\Python312\site-packages\jupyter_core\utils\__init__.py", line 165, in wrapped
    return loop.run_until_complete(inner)
           ^^^^^^^^^^^^^^^^^^^^^^^^^^^^^^
  File "C:\Program Files\WindowsApps\PythonSoftwareFoundation.Python.3.12_3.12.2800.0_x64__qbz5n2kfra8p0\Lib\asyncio\base_events.py", line 691, in run_until_complete
    return future.result()
           ^^^^^^^^^^^^^^^
  File "C:\Users\mhamm\AppData\Local\Packages\PythonSoftwareFoundation.Python.3.12_qbz5n2kfra8p0\LocalCache\local-packages\Python312\site-packages\nbclient\client.py", line 709, in async_execute
    await self.async_execute_cell(
  File "C:\Users\mhamm\AppData\Local\Packages\PythonSoftwareFoundation.Python.3.12_qbz5n2kfra8p0\LocalCache\local-packages\Python312\site-packages\nbclient\client.py", line 1062, in async_execute_cell
    await self._check_raise_for_error(cell, cell_index, exec_reply)
  File "C:\Users\mhamm\AppData\Local\Packages\PythonSoftwareFoundation.Python.3.12_qbz5n2kfra8p0\LocalCache\local-packages\Python312\site-packages\nbclient\client.py", line 918, in _check_raise_for_error
    raise CellExecutionError.from_cell_and_msg(cell, exec_reply_content)
nbclient.exceptions.CellExecutionError: An error occurred while executing the following cell:
------------------
# Importing Pyomo environment
from pyomo.environ import * # Imports all components from the Pyomo environment, like Var, Param, Objective, Constraint, etc.

# Function to solve and display results of an optimization model
def solve_model(model, example_name):
    print("\n" + "="*40) # Prints a separator line for better output formatting.
    print(f" Solving {example_name} ") # Prints the name of the example being solved.
    print("="*40) # Prints another separator line.
    solver = SolverFactory('cbc') # Creates a solver object using the CBC solver.
    result = solver.solve(model) # Solves the given Pyomo model using the CBC solver.
    print("\nOptimal Solution:") # Prints a header for the optimal solution.
    for v in model.component_objects(Var, active=True): # Iterates through all active variables in the model.
        for index in v: # Iterates through any indices of the variable (if it's indexed).
            print(f"  {v[index]} = {v[index].value}") # Prints the variable name and its optimal value.
    print("\nObjective Value:", model.obj()) # Prints the optimal value of the objective function.

# Function to build the abstract Pyomo model for Example 2.2.1
def build_abstract_model_221():
    model = AbstractModel() # Creates an AbstractModel object, which is a Pyomo model that is defined without specific data values.
    model.xA = Var(within=NonNegativeReals) # Defines a decision variable `xA` representing the number of Model A routers produced, constrained to be non-negative.
    model.xB = Var(within=NonNegativeReals) # Defines a decision variable `xB` representing the number of Model B routers produced, constrained to be non-negative.
    model.obj_coeff_A = Param() # Defines a parameter `obj_coeff_A` for the objective function coefficient of `xA`.
    model.obj_coeff_B = Param() # Defines a parameter `obj_coeff_B` for the objective function coefficient of `xB`.
    model.materials_coeff_A = Param() # Defines a parameter `materials_coeff_A` for the materials constraint coefficient of `xA`.
    model.materials_coeff_B = Param() # Defines a parameter `materials_coeff_B` for the materials constraint coefficient of `xB`.
    model.materials_rhs = Param() # Defines a parameter `materials_rhs` for the right-hand side of the materials constraint.
    model.labor_coeff_A = Param() # Defines a parameter `labor_coeff_A` for the labor constraint coefficient of `xA`.
    model.labor_coeff_B = Param() # Defines a parameter `labor_coeff_B` for the labor constraint coefficient of `xB`.
    model.labor_rhs = Param() # Defines a parameter `labor_rhs` for the right-hand side of the labor constraint.

    # Defines the objective function rule
    def obj_rule(model):
        return model.obj_coeff_A * model.xA + model.obj_coeff_B * model.xB # Specifies the objective function to maximize profit.
    model.obj = Objective(rule=obj_rule, sense=maximize) # Creates the objective function object with the defined rule and maximization sense.

    # Defines the materials constraint rule
    def materials_rule(model):
        return model.materials_coeff_A * model.xA + model.materials_coeff_B * model.xB <= model.materials_rhs # Specifies the materials constraint.
    model.materials = Constraint(rule=materials_rule) # Creates the materials constraint object with the defined rule.

    # Defines the labor constraint rule
    def labor_rule(model):
        return model.labor_coeff_A * model.xA + model.labor_coeff_B * model.xB <= model.labor_rhs # Specifies the labor constraint.
    model.labor = Constraint(rule=labor_rule) # Creates the labor constraint object with the defined rule.
    return model # Returns the built abstract model.

# Data for Example 2.2.1
data_221 = {
    None: {
        'obj_coeff_A': {None: 22}, 'obj_coeff_B': {None: 28}, # Objective function coefficients for xA and xB
        'materials_coeff_A': {None: 8}, 'materials_coeff_B': {None: 10}, 'materials_rhs': {None: 3400}, # Materials constraint coefficients and RHS
        'labor_coeff_A': {None: 2}, 'labor_coeff_B': {None: 3}, 'labor_rhs': {None: 960} # Labor constraint coefficients and RHS
    }
}
model_221 = build_abstract_model_221().create_instance(data_221) # Creates a concrete model instance by loading data into the abstract model.
solve_model(model_221, "Example 2.2.1") # Solves the model instance and prints the results.
------------------

----- stdout -----

========================================
 Solving Example 2.2.1 
========================================
WARNING: Could not locate the 'cbc' executable, which is required for solver
cbc
------------------

[31m---------------------------------------------------------------------------[39m
[31mApplicationError[39m                          Traceback (most recent call last)
[36mCell[39m[36m [39m[32mIn[1][39m[32m, line 56[39m
[32m     48[39m data_221 = {
[32m     49[39m     [38;5;28;01mNone[39;00m: {
[32m     50[39m         [33m'[39m[33mobj_coeff_A[39m[33m'[39m: {[38;5;28;01mNone[39;00m: [32m22[39m}, [33m'[39m[33mobj_coeff_B[39m[33m'[39m: {[38;5;28;01mNone[39;00m: [32m28[39m}, [38;5;66;03m# Objective function coefficients for xA and xB[39;00m
[32m   (...)[39m[32m     53[39m     }
[32m     54[39m }
[32m     55[39m model_221 = build_abstract_model_221().create_instance(data_221) [38;5;66;03m# Creates a concrete model instance by loading data into the abstract model.[39;00m
[32m---> [39m[32m56[39m [43msolve_model[49m[43m([49m[43mmodel_221[49m[43m,[49m[43m [49m[33;43m"[39;49m[33;43mExample 2.2.1[39;49m[33;43m"[39;49m[43m)[49m [38;5;66;03m# Solves the model instance and prints the results.[39;00m

[36mCell[39m[36m [39m[32mIn[1][39m[32m, line 10[39m, in [36msolve_model[39m[34m(model, example_name)[39m
[32m      8[39m [38;5;28mprint[39m([33m"[39m[33m=[39m[33m"[39m*[32m40[39m) [38;5;66;03m# Prints another separator line.[39;00m
[32m      9[39m solver = SolverFactory([33m'[39m[33mcbc[39m[33m'[39m) [38;5;66;03m# Creates a solver object using the CBC solver.[39;00m
[32m---> [39m[32m10[39m result = [43msolver[49m[43m.[49m[43msolve[49m[43m([49m[43mmodel[49m[43m)[49m [38;5;66;03m# Solves the given Pyomo model using the CBC solver.[39;00m
[32m     11[39m [38;5;28mprint[39m([33m"[39m[38;5;130;01m\n[39;00m[33mOptimal Solution:[39m[33m"[39m) [38;5;66;03m# Prints a header for the optimal solution.[39;00m
[32m     12[39m [38;5;28;01mfor[39;00m v [38;5;129;01min[39;00m model.component_objects(Var, active=[38;5;28;01mTrue[39;00m): [38;5;66;03m# Iterates through all active variables in the model.[39;00m

[36mFile [39m[32m~\AppData\Local\Packages\PythonSoftwareFoundation.Python.3.12_qbz5n2kfra8p0\LocalCache\local-packages\Python312\site-packages\pyomo\opt\base\solvers.py:563[39m, in [36mOptSolver.solve[39m[34m(self, *args, **kwds)[39m
[32m    560[39m [38;5;28;01mdef[39;00m[38;5;250m [39m[34msolve[39m([38;5;28mself[39m, *args, **kwds):
[32m    561[39m [38;5;250m    [39m[33;03m"""Solve the problem"""[39;00m
[32m--> [39m[32m563[39m     [38;5;28;43mself[39;49m[43m.[49m[43mavailable[49m[43m([49m[43mexception_flag[49m[43m=[49m[38;5;28;43;01mTrue[39;49;00m[43m)[49m
[32m    564[39m     [38;5;66;03m#[39;00m
[32m    565[39m     [38;5;66;03m# If the inputs are models, then validate that they have been[39;00m
[32m    566[39m     [38;5;66;03m# constructed! Collect suffix names to try and import from solution.[39;00m
[32m    567[39m     [38;5;66;03m#[39;00m
[32m    568[39m     [38;5;28;01mfrom[39;00m[38;5;250m [39m[34;01mpyomo[39;00m[34;01m.[39;00m[34;01mcore[39;00m[34;01m.[39;00m[34;01mbase[39;00m[34;01m.[39;00m[34;01mblock[39;00m[38;5;250m [39m[38;5;28;01mimport[39;00m BlockData

[36mFile [39m[32m~\AppData\Local\Packages\PythonSoftwareFoundation.Python.3.12_qbz5n2kfra8p0\LocalCache\local-packages\Python312\site-packages\pyomo\opt\solver\shellcmd.py:138[39m, in [36mSystemCallSolver.available[39m[34m(self, exception_flag)[39m
[32m    136[39m     [38;5;28;01mif[39;00m exception_flag:
[32m    137[39m         msg = [33m"[39m[33mNo executable found for solver [39m[33m'[39m[38;5;132;01m%s[39;00m[33m'[39m[33m"[39m
[32m--> [39m[32m138[39m         [38;5;28;01mraise[39;00m ApplicationError(msg % [38;5;28mself[39m.name)
[32m    139[39m     [38;5;28;01mreturn[39;00m [38;5;28;01mFalse[39;00m
[32m    140[39m [38;5;28;01mreturn[39;00m [38;5;28;01mTrue[39;00m

[31mApplicationError[39m: No executable found for solver 'cbc'

