Traceback (most recent call last):
  File "C:\Users\mhamm\AppData\Local\Packages\PythonSoftwareFoundation.Python.3.12_qbz5n2kfra8p0\LocalCache\local-packages\Python312\site-packages\jupyter_cache\executors\utils.py", line 58, in single_nb_execution
    executenb(
  File "C:\Users\mhamm\AppData\Local\Packages\PythonSoftwareFoundation.Python.3.12_qbz5n2kfra8p0\LocalCache\local-packages\Python312\site-packages\nbclient\client.py", line 1323, in execute
    return NotebookClient(nb=nb, resources=resources, km=km, **kwargs).execute()
           ^^^^^^^^^^^^^^^^^^^^^^^^^^^^^^^^^^^^^^^^^^^^^^^^^^^^^^^^^^^^^^^^^^^^^
  File "C:\Users\mhamm\AppData\Local\Packages\PythonSoftwareFoundation.Python.3.12_qbz5n2kfra8p0\LocalCache\local-packages\Python312\site-packages\jupyter_core\utils\__init__.py", line 165, in wrapped
    return loop.run_until_complete(inner)
           ^^^^^^^^^^^^^^^^^^^^^^^^^^^^^^
  File "C:\Program Files\WindowsApps\PythonSoftwareFoundation.Python.3.12_3.12.2800.0_x64__qbz5n2kfra8p0\Lib\asyncio\base_events.py", line 691, in run_until_complete
    return future.result()
           ^^^^^^^^^^^^^^^
  File "C:\Users\mhamm\AppData\Local\Packages\PythonSoftwareFoundation.Python.3.12_qbz5n2kfra8p0\LocalCache\local-packages\Python312\site-packages\nbclient\client.py", line 709, in async_execute
    await self.async_execute_cell(
  File "C:\Users\mhamm\AppData\Local\Packages\PythonSoftwareFoundation.Python.3.12_qbz5n2kfra8p0\LocalCache\local-packages\Python312\site-packages\nbclient\client.py", line 1062, in async_execute_cell
    await self._check_raise_for_error(cell, cell_index, exec_reply)
  File "C:\Users\mhamm\AppData\Local\Packages\PythonSoftwareFoundation.Python.3.12_qbz5n2kfra8p0\LocalCache\local-packages\Python312\site-packages\nbclient\client.py", line 918, in _check_raise_for_error
    raise CellExecutionError.from_cell_and_msg(cell, exec_reply_content)
nbclient.exceptions.CellExecutionError: An error occurred while executing the following cell:
------------------
from pyomo.environ import *

# ── Step 1: LP relaxation ────────────────────────────────────────────────
m_lp = ConcreteModel()
m_lp.x1 = Var(within=NonNegativeReals)
m_lp.x2 = Var(within=NonNegativeReals)
m_lp.obj = Objective(expr=6*m_lp.x1 + m_lp.x2, sense=maximize)
m_lp.c1  = Constraint(expr=15*m_lp.x1 +  m_lp.x2 <= 30)
m_lp.c2  = Constraint(expr= 3*m_lp.x1 + 4*m_lp.x2 <= 18)
SolverFactory('cbc').solve(m_lp)
x1_lp, x2_lp = m_lp.x1.value, m_lp.x2.value

print('=== 4.5 Cutting Planes — Gomory Cut ===')
print(f'\nStep 1 — LP relaxation:')
print(f'  x1 = {x1_lp:.4f}  (= 1 + 15/19 = 1{15/19:.4f})')
print(f'  x2 = {x2_lp:.4f}  (= 3 + 3/19  = 3{3/19:.4f})')
print(f'  z  = {m_lp.obj():.4f}  (= 13 + 7/19)')

# ── Step 2: Gomory cut from the x1 tableau row ───────────────────────────
# Textbook cut: x3 + x4 >= 1  (slacks of c1 and c2)
# x3 = 30 - 15x1 - x2  >=0,  x4 = 18 - 3x1 - 4x2 >= 0
# Cut: (30-15x1-x2) + (18-3x1-4x2) >= 1  → 18x1+5x2 <= 47
print(f'\nStep 2 — Textbook Gomory cut (from x1 tableau row):')
print(f'  Slack variables: x3 = 30-15x1-x2,  x4 = 18-3x1-4x2')
print(f'  Cut: x3 + x4 >= 1  →  18x1 + 5x2 <= 47')
print(f'  At LP optimum: x3=x4=0 → cut is VIOLATED → point is excluded')

# ── Step 3: Add cut and resolve ──────────────────────────────────────────
m_cut = ConcreteModel()
m_cut.x1 = Var(within=NonNegativeReals)
m_cut.x2 = Var(within=NonNegativeReals)
m_cut.obj = Objective(expr=6*m_cut.x1 + m_cut.x2, sense=maximize)
m_cut.c1  = Constraint(expr=15*m_cut.x1 +  m_cut.x2 <= 30)
m_cut.c2  = Constraint(expr= 3*m_cut.x1 + 4*m_cut.x2 <= 18)
m_cut.gomory = Constraint(expr=18*m_cut.x1 + 5*m_cut.x2 <= 47)  # Gomory cut
SolverFactory('cbc').solve(m_cut)
print(f'\nStep 3 — After adding Gomory cut:')
print(f'  x1 = {m_cut.x1.value:.4f},  x2 = {m_cut.x2.value:.4f},  z = {m_cut.obj():.4f}')

# ── Integer optimum ──────────────────────────────────────────────────────
m_ip = ConcreteModel()
m_ip.x1 = Var(within=NonNegativeIntegers)
m_ip.x2 = Var(within=NonNegativeIntegers)
m_ip.obj = Objective(expr=6*m_ip.x1 + m_ip.x2, sense=maximize)
m_ip.c1  = Constraint(expr=15*m_ip.x1 +  m_ip.x2 <= 30)
m_ip.c2  = Constraint(expr= 3*m_ip.x1 + 4*m_ip.x2 <= 18)
SolverFactory('cbc').solve(m_ip)
print(f'\nInteger optimum: x1={int(round(m_ip.x1.value))}, x2={int(round(m_ip.x2.value))}, z={int(round(m_ip.obj()))}')
------------------

----- stdout -----
WARNING: Could not locate the 'cbc' executable, which is required for solver
cbc
------------------

[31m---------------------------------------------------------------------------[39m
[31mApplicationError[39m                          Traceback (most recent call last)
[36mCell[39m[36m [39m[32mIn[3][39m[32m, line 10[39m
[32m      8[39m m_lp.c1  = Constraint(expr=[32m15[39m*m_lp.x1 +  m_lp.x2 <= [32m30[39m)
[32m      9[39m m_lp.c2  = Constraint(expr= [32m3[39m*m_lp.x1 + [32m4[39m*m_lp.x2 <= [32m18[39m)
[32m---> [39m[32m10[39m [43mSolverFactory[49m[43m([49m[33;43m'[39;49m[33;43mcbc[39;49m[33;43m'[39;49m[43m)[49m[43m.[49m[43msolve[49m[43m([49m[43mm_lp[49m[43m)[49m
[32m     11[39m x1_lp, x2_lp = m_lp.x1.value, m_lp.x2.value
[32m     13[39m [38;5;28mprint[39m([33m'[39m[33m=== 4.5 Cutting Planes — Gomory Cut ===[39m[33m'[39m)

[36mFile [39m[32m~\AppData\Local\Packages\PythonSoftwareFoundation.Python.3.12_qbz5n2kfra8p0\LocalCache\local-packages\Python312\site-packages\pyomo\opt\base\solvers.py:563[39m, in [36mOptSolver.solve[39m[34m(self, *args, **kwds)[39m
[32m    560[39m [38;5;28;01mdef[39;00m[38;5;250m [39m[34msolve[39m([38;5;28mself[39m, *args, **kwds):
[32m    561[39m [38;5;250m    [39m[33;03m"""Solve the problem"""[39;00m
[32m--> [39m[32m563[39m     [38;5;28;43mself[39;49m[43m.[49m[43mavailable[49m[43m([49m[43mexception_flag[49m[43m=[49m[38;5;28;43;01mTrue[39;49;00m[43m)[49m
[32m    564[39m     [38;5;66;03m#[39;00m
[32m    565[39m     [38;5;66;03m# If the inputs are models, then validate that they have been[39;00m
[32m    566[39m     [38;5;66;03m# constructed! Collect suffix names to try and import from solution.[39;00m
[32m    567[39m     [38;5;66;03m#[39;00m
[32m    568[39m     [38;5;28;01mfrom[39;00m[38;5;250m [39m[34;01mpyomo[39;00m[34;01m.[39;00m[34;01mcore[39;00m[34;01m.[39;00m[34;01mbase[39;00m[34;01m.[39;00m[34;01mblock[39;00m[38;5;250m [39m[38;5;28;01mimport[39;00m BlockData

[36mFile [39m[32m~\AppData\Local\Packages\PythonSoftwareFoundation.Python.3.12_qbz5n2kfra8p0\LocalCache\local-packages\Python312\site-packages\pyomo\opt\solver\shellcmd.py:138[39m, in [36mSystemCallSolver.available[39m[34m(self, exception_flag)[39m
[32m    136[39m     [38;5;28;01mif[39;00m exception_flag:
[32m    137[39m         msg = [33m"[39m[33mNo executable found for solver [39m[33m'[39m[38;5;132;01m%s[39;00m[33m'[39m[33m"[39m
[32m--> [39m[32m138[39m         [38;5;28;01mraise[39;00m ApplicationError(msg % [38;5;28mself[39m.name)
[32m    139[39m     [38;5;28;01mreturn[39;00m [38;5;28;01mFalse[39;00m
[32m    140[39m [38;5;28;01mreturn[39;00m [38;5;28;01mTrue[39;00m

[31mApplicationError[39m: No executable found for solver 'cbc'

